2018-12-23 18:52:00.608 [main] INFO  anagram.Letters - words: [e, e, ease, eases, easiest, easines, easing, east, east, easts, eat, eaten, eating, eats, eave, eaves, efete, efie, efigies, efusive, efusivenes, eg, eging, egis, egs, eh, eight, eighten, eightens, eightenth, eightenths, eighth, eighths, eighties, eightieth, eightieths, eights, einstein, einsteins, eisenstein, eng, engage, engages, engaging, engine, engines, enif, ensign, ensigns, ensue, ensues, ensuing, entente, ententes, enthuse, enthuses, enthusiast, enthusiasts, enthusing, entities, enui, envies, envisage, envisages, envisaging, es, es, esau, esen, esene, esie, estate, estates, estes, esthete, esthetes, eta, eta, ethan, etna, eu, eugene, eugenia, eugenie, euthanasia, eva, evan, evans, evasive, evasivenes, eve, eve, even, evenes, evenest, evening, evenings, evens, event, events, eventuate, eventuates, eventuating, eves, evian, evita, f, f, fa, fag, fagin, faging, fags, fain, fainest, faint, faintest, fainting, faintnes, faints, faith, faith, faiths, fan, fang, fangs, fanie, fanies, faning, fans, fantasies, fast, fasten, fastening, fastenings, fastens, fastest, fasting, fastnes, fastneses, fasts, fat, fatah, fate, faten, fatening, fatens, fates, fates, fatest, faties, fatiest, fatigue, fatigues, fatiguing, fating, fatnes, fats, faun, fauna, faunae, faunas, fauns, faust, faustian, faustus, fe, fe, feast, feasting, feasts, feat, feats, feign, feigning, feigns, feint, feinting, feints, feistiest, fen, fenian, fens, fes, fest, festive, festivities, fests, fet, feta, feting, fetish, fetishes, fetishist, fetishists, fetus, fetuses, fiat, fiat, fiats, fie, fief, fiefs, fiesta, fiestas, fife, fifes, fiften, fiftens, fiftenth, fiftenths, fifth, fifths, fifties, fiftieth, fiftieths, fig, fight, fighting, fights, figs, fiji, fijian, fijians, fin, fin, fine, finegan, finenes, fines, finese, fineses, finesing, finest, finiest, fining, finis, finises, finish, finish, finishes, finishing, finite, fins, fins, fish, fishes, fishiest, fishing, fishnet, fishnets, fist, fists, fit, fitest, fiting, fitings, fitnes, fits, five, fives, fuentes, fugitive, fugitives, fugue, fugues, fuji, fujitsu, fun, funafuti, funest, fungi, fungus, funguses, funies, funiest, funines, fus, fuse, fuses, fuses, fushun, fusiest, fusines, fusing, fusing, fustian, fustiest, i, i, ian, if, ifiest, ifs, ignatius, ignite, ignites, igniting, iguana, iguanas, iguasu, in, in, in, ina, inane, inanest, inanities, inate, inatentive, ines, infant, infants, infatuate, infatuates, infatuating, infest, infesting, infests, infighting, infinite, infinities, infinitive, infinitives, infuse, infuses, infusing, ing, inge, ingest, ingesting, ingests, ining, inings, initiate, initiates, initiating, initiative, initiatives, ins, ins, insane, insanest, insensate, insensitive, insentient, inset, inseting, insets, insight, insights, insigne, insignes, insignia, insignias, insinuate, insinuates, insinuating, insist, insistent, insisting, insists, instant, instants, instigate, instigates, instigating, institute, institutes, instituting, intense, intensest, intensifies, intensities, intensive, intensives, intent, intentnes, intents, intestate, intestine, intestines, intuit, intuiting, intuitive, intuits, inuit, inuits, invasive, inveigh, inveighing, inveighs, invent, inventing, inventive, inventivenes, invents, invest, investigate, investigates, investigating, investigative, investing, invests, invite, invites, inviting, is, isaiah, isfahan, isiah, isis, isue, isues, isuing, it, it, its, itunes, iva, ivan, ives, ivies, j, j, jag, jags, jain, jan, jana, jana, jane, janet, janete, janie, janie, janine, janis, jansen, jansenist, janus, jaunt, jauntiest, jauntines, jaunting, jaunts, java, javanese, javas, jean, jeane, jeanete, jeanete, jeanie, jeanie, jeanine, jeanine, jeans, jef, jejune, jena, jenie, jenings, jensen, jes, jese, jesie, jest, jesting, jests, jesuit, jesuits, jesus, jet, jeties, jeting, jets, jeves, jifies, jig, jiging, jigs, jin, jinah, jinan, jini, jinis, jins, jiujitsu, jive, jives, jiving, juan, juana, juanita, jug, juging, jugs, jujitsu, jujutsu, jun, june, juneau, junes, jung, jungian, junta, juntas, just, justest, justifies, justin, justine, justinian, justnes, jut, jute, juting, juts] 
 number of words: 519 
letters [v, u, t, s, n, j, i, i, h, g, f, e, a, a] 
numbers of letter 14
2018-12-23 18:52:01.034 [main] INFO  anagram.Letters - Candidate to win:   e faith ivan 
2018-12-23 18:52:01.062 [main] INFO  anagram.Letters - Candidate to win:   e faith jugs 
2018-12-23 18:52:01.102 [main] INFO  anagram.Letters - Candidate to win:   e faith ivan 
2018-12-23 18:52:01.126 [main] INFO  anagram.Letters - Candidate to win:   e faith jugs 
2018-12-23 18:52:01.141 [main] INFO  anagram.Letters - Candidate to win:   e faiths iva 
2018-12-23 18:52:01.145 [main] INFO  anagram.Letters - Candidate to win:   e faiths ivan 
2018-12-23 18:52:01.158 [main] INFO  anagram.Letters - Candidate to win:   e faiths jug 
2018-12-23 18:52:01.179 [main] INFO  anagram.Letters - Candidate to win:   e faiths jung 
2018-12-23 18:52:01.437 [main] INFO  anagram.Letters - Candidate to win:   e fight iva 
2018-12-23 18:52:01.443 [main] INFO  anagram.Letters - Candidate to win:   e fight janus 
2018-12-23 18:52:01.455 [main] INFO  anagram.Letters - Candidate to win:   e fights iva 
2018-12-23 18:52:01.465 [main] INFO  anagram.Letters - Candidate to win:   e fights juan 
2018-12-23 18:52:02.227 [main] INFO  anagram.Letters - Candidate to win:   e iva faiths 
2018-12-23 18:52:02.235 [main] INFO  anagram.Letters - Candidate to win:   e iva fight 
2018-12-23 18:52:02.236 [main] INFO  anagram.Letters - Candidate to win:   e iva fights 
2018-12-23 18:52:02.256 [main] INFO  anagram.Letters - Candidate to win:   e iva janus 
2018-12-23 18:52:02.260 [main] INFO  anagram.Letters - Candidate to win:   e iva juan 
2018-12-23 18:52:02.263 [main] INFO  anagram.Letters - Candidate to win:   e iva jung 
2018-12-23 18:52:02.271 [main] INFO  anagram.Letters - Candidate to win:   e ivan faith 
2018-12-23 18:52:02.272 [main] INFO  anagram.Letters - Candidate to win:   e ivan faith 
2018-12-23 18:52:02.274 [main] INFO  anagram.Letters - Candidate to win:   e ivan faiths 
2018-12-23 18:52:02.287 [main] INFO  anagram.Letters - Candidate to win:   e ivan jug 
2018-12-23 18:52:02.288 [main] INFO  anagram.Letters - Candidate to win:   e ivan jugs 
2018-12-23 18:52:02.289 [main] INFO  anagram.Letters - Candidate to win:   e ivan jugs 
2018-12-23 18:52:02.649 [main] INFO  anagram.Letters - Candidate to win:   e janus fight 
2018-12-23 18:52:02.661 [main] INFO  anagram.Letters - Candidate to win:   e janus iva 
2018-12-23 18:52:02.915 [main] INFO  anagram.Letters - Candidate to win:   e juan fights 
2018-12-23 18:52:02.924 [main] INFO  anagram.Letters - Candidate to win:   e juan iva 
2018-12-23 18:52:02.940 [main] INFO  anagram.Letters - Candidate to win:   e jug faiths 
2018-12-23 18:52:02.958 [main] INFO  anagram.Letters - Candidate to win:   e jug ivan 
2018-12-23 18:52:02.963 [main] INFO  anagram.Letters - Candidate to win:   e jugs faith 
2018-12-23 18:52:02.965 [main] INFO  anagram.Letters - Candidate to win:   e jugs faith 
2018-12-23 18:52:02.976 [main] INFO  anagram.Letters - Candidate to win:   e jugs ivan 
2018-12-23 18:52:02.976 [main] INFO  anagram.Letters - Candidate to win:   e jugs ivan 
2018-12-23 18:52:02.997 [main] INFO  anagram.Letters - Candidate to win:   e jung faiths 
2018-12-23 18:52:03.006 [main] INFO  anagram.Letters - Candidate to win:   e jung iva 
2018-12-23 18:52:03.069 [main] DEBUG anagram.Letters -                    e  519/0
2018-12-23 18:52:03.218 [main] INFO  anagram.Letters - Candidate to win:   e faith ivan 
2018-12-23 18:52:03.226 [main] INFO  anagram.Letters - Candidate to win:   e faith jugs 
2018-12-23 18:52:03.235 [main] INFO  anagram.Letters - Candidate to win:   e faith ivan 
2018-12-23 18:52:03.243 [main] INFO  anagram.Letters - Candidate to win:   e faith jugs 
2018-12-23 18:52:03.251 [main] INFO  anagram.Letters - Candidate to win:   e faiths iva 
2018-12-23 18:52:03.252 [main] INFO  anagram.Letters - Candidate to win:   e faiths ivan 
2018-12-23 18:52:03.257 [main] INFO  anagram.Letters - Candidate to win:   e faiths jug 
2018-12-23 18:52:03.258 [main] INFO  anagram.Letters - Candidate to win:   e faiths jung 
2018-12-23 18:52:03.435 [main] INFO  anagram.Letters - Candidate to win:   e fight iva 
2018-12-23 18:52:03.448 [main] INFO  anagram.Letters - Candidate to win:   e fight janus 
2018-12-23 18:52:03.459 [main] INFO  anagram.Letters - Candidate to win:   e fights iva 
2018-12-23 18:52:03.467 [main] INFO  anagram.Letters - Candidate to win:   e fights juan 
2018-12-23 18:52:04.444 [main] INFO  anagram.Letters - Candidate to win:   e iva faiths 
2018-12-23 18:52:04.457 [main] INFO  anagram.Letters - Candidate to win:   e iva fight 
2018-12-23 18:52:04.459 [main] INFO  anagram.Letters - Candidate to win:   e iva fights 
2018-12-23 18:52:04.483 [main] INFO  anagram.Letters - Candidate to win:   e iva janus 
2018-12-23 18:52:04.486 [main] INFO  anagram.Letters - Candidate to win:   e iva juan 
2018-12-23 18:52:04.489 [main] INFO  anagram.Letters - Candidate to win:   e iva jung 
2018-12-23 18:52:04.497 [main] INFO  anagram.Letters - Candidate to win:   e ivan faith 
2018-12-23 18:52:04.499 [main] INFO  anagram.Letters - Candidate to win:   e ivan faith 
2018-12-23 18:52:04.500 [main] INFO  anagram.Letters - Candidate to win:   e ivan faiths 
2018-12-23 18:52:04.524 [main] INFO  anagram.Letters - Candidate to win:   e ivan jug 
2018-12-23 18:52:04.525 [main] INFO  anagram.Letters - Candidate to win:   e ivan jugs 
2018-12-23 18:52:04.526 [main] INFO  anagram.Letters - Candidate to win:   e ivan jugs 
2018-12-23 18:52:04.769 [main] INFO  anagram.Letters - Candidate to win:   e janus fight 
2018-12-23 18:52:04.773 [main] INFO  anagram.Letters - Candidate to win:   e janus iva 
2018-12-23 18:52:04.922 [main] INFO  anagram.Letters - Candidate to win:   e juan fights 
2018-12-23 18:52:04.930 [main] INFO  anagram.Letters - Candidate to win:   e juan iva 
2018-12-23 18:52:04.946 [main] INFO  anagram.Letters - Candidate to win:   e jug faiths 
2018-12-23 18:52:04.966 [main] INFO  anagram.Letters - Candidate to win:   e jug ivan 
2018-12-23 18:52:04.971 [main] INFO  anagram.Letters - Candidate to win:   e jugs faith 
2018-12-23 18:52:04.971 [main] INFO  anagram.Letters - Candidate to win:   e jugs faith 
2018-12-23 18:52:04.985 [main] INFO  anagram.Letters - Candidate to win:   e jugs ivan 
2018-12-23 18:52:04.985 [main] INFO  anagram.Letters - Candidate to win:   e jugs ivan 
2018-12-23 18:52:05.007 [main] INFO  anagram.Letters - Candidate to win:   e jung faiths 
2018-12-23 18:52:05.020 [main] INFO  anagram.Letters - Candidate to win:   e jung iva 
2018-12-23 18:52:05.075 [main] DEBUG anagram.Letters -                    e  519/0
2018-12-23 18:52:05.076 [main] DEBUG anagram.Letters -                 ease  519/2
2018-12-23 18:52:05.076 [main] DEBUG anagram.Letters -                eases  519/3
2018-12-23 18:52:05.076 [main] DEBUG anagram.Letters -              easiest  519/4
2018-12-23 18:52:05.077 [main] DEBUG anagram.Letters -              easines  519/5
2018-12-23 18:52:05.133 [main] DEBUG anagram.Letters -               easing  519/6
2018-12-23 18:52:05.376 [main] DEBUG anagram.Letters -                 east  519/7
2018-12-23 18:52:05.627 [main] DEBUG anagram.Letters -                 east  519/7
2018-12-23 18:52:05.627 [main] DEBUG anagram.Letters -                easts  519/9
2018-12-23 18:52:05.751 [main] INFO  anagram.Letters - Candidate to win:   eat fish iva 
2018-12-23 18:52:05.752 [main] INFO  anagram.Letters - Candidate to win:   eat fish ivan 
2018-12-23 18:52:05.755 [main] INFO  anagram.Letters - Candidate to win:   eat fish jug 
2018-12-23 18:52:05.757 [main] INFO  anagram.Letters - Candidate to win:   eat fish jung 
2018-12-23 18:52:05.963 [main] INFO  anagram.Letters - Candidate to win:   eat iva fish 
2018-12-23 18:52:05.979 [main] INFO  anagram.Letters - Candidate to win:   eat iva jung 
2018-12-23 18:52:05.982 [main] INFO  anagram.Letters - Candidate to win:   eat ivan fish 
2018-12-23 18:52:05.986 [main] INFO  anagram.Letters - Candidate to win:   eat ivan jug 
2018-12-23 18:52:06.121 [main] INFO  anagram.Letters - Candidate to win:   eat jug fish 
2018-12-23 18:52:06.128 [main] INFO  anagram.Letters - Candidate to win:   eat jug ivan 
2018-12-23 18:52:06.145 [main] INFO  anagram.Letters - Candidate to win:   eat jung fish 
2018-12-23 18:52:06.148 [main] INFO  anagram.Letters - Candidate to win:   eat jung iva 
2018-12-23 18:52:06.149 [main] DEBUG anagram.Letters -                  eat  519/10
2018-12-23 18:52:06.149 [main] DEBUG anagram.Letters -                eaten  519/11
2018-12-23 18:52:06.187 [main] DEBUG anagram.Letters -               eating  519/12
2018-12-23 18:52:06.442 [main] DEBUG anagram.Letters -                 eats  519/13
2018-12-23 18:52:06.442 [main] DEBUG anagram.Letters -                 eave  519/14
2018-12-23 18:52:06.442 [main] DEBUG anagram.Letters -                eaves  519/15
2018-12-23 18:52:06.443 [main] DEBUG anagram.Letters -                efete  519/16
2018-12-23 18:52:06.443 [main] DEBUG anagram.Letters -                 efie  519/17
2018-12-23 18:52:06.443 [main] DEBUG anagram.Letters -              efigies  519/18
2018-12-23 18:52:06.443 [main] DEBUG anagram.Letters -              efusive  519/19
2018-12-23 18:52:06.443 [main] DEBUG anagram.Letters -           efusivenes  519/20
2018-12-23 18:52:06.527 [main] INFO  anagram.Letters - Candidate to win:   eg faiths iva 
2018-12-23 18:52:06.530 [main] INFO  anagram.Letters - Candidate to win:   eg faiths jun 
2018-12-23 18:52:06.659 [main] INFO  anagram.Letters - Candidate to win:   eg fish iva 
2018-12-23 18:52:06.659 [main] INFO  anagram.Letters - Candidate to win:   eg fish iva 
2018-12-23 18:52:06.666 [main] INFO  anagram.Letters - Candidate to win:   eg fish jaunt 
2018-12-23 18:52:06.669 [main] INFO  anagram.Letters - Candidate to win:   eg fish junta 
2018-12-23 18:52:07.055 [main] INFO  anagram.Letters - Candidate to win:   eg iva faiths 
2018-12-23 18:52:07.060 [main] INFO  anagram.Letters - Candidate to win:   eg iva fish 
2018-12-23 18:52:07.061 [main] INFO  anagram.Letters - Candidate to win:   eg iva fish 
2018-12-23 18:52:07.071 [main] INFO  anagram.Letters - Candidate to win:   eg iva jaunt 
2018-12-23 18:52:07.073 [main] INFO  anagram.Letters - Candidate to win:   eg iva jun 
2018-12-23 18:52:07.074 [main] INFO  anagram.Letters - Candidate to win:   eg iva junta 
2018-12-23 18:52:07.191 [main] INFO  anagram.Letters - Candidate to win:   eg jaunt fish 
2018-12-23 18:52:07.196 [main] INFO  anagram.Letters - Candidate to win:   eg jaunt iva 
2018-12-23 18:52:07.272 [main] INFO  anagram.Letters - Candidate to win:   eg jun faiths 
2018-12-23 18:52:07.285 [main] INFO  anagram.Letters - Candidate to win:   eg jun iva 
2018-12-23 18:52:07.287 [main] INFO  anagram.Letters - Candidate to win:   eg junta fish 
2018-12-23 18:52:07.289 [main] INFO  anagram.Letters - Candidate to win:   eg junta iva 
2018-12-23 18:52:07.334 [main] DEBUG anagram.Letters -                   eg  519/21
2018-12-23 18:52:07.334 [main] DEBUG anagram.Letters -                eging  519/22
2018-12-23 18:52:07.562 [main] DEBUG anagram.Letters -                 egis  519/23
2018-12-23 18:52:07.608 [main] INFO  anagram.Letters - Candidate to win:   egs faith iva 
2018-12-23 18:52:07.614 [main] INFO  anagram.Letters - Candidate to win:   egs faith jun 
2018-12-23 18:52:07.619 [main] INFO  anagram.Letters - Candidate to win:   egs faith iva 
2018-12-23 18:52:07.623 [main] INFO  anagram.Letters - Candidate to win:   egs faith jun 
2018-12-23 18:52:07.812 [main] INFO  anagram.Letters - Candidate to win:   egs iva faith 
2018-12-23 18:52:07.812 [main] INFO  anagram.Letters - Candidate to win:   egs iva faith 
2018-12-23 18:52:07.829 [main] INFO  anagram.Letters - Candidate to win:   egs iva jun 
2018-12-23 18:52:07.830 [main] INFO  anagram.Letters - Candidate to win:   egs iva jun 
2018-12-23 18:52:07.943 [main] INFO  anagram.Letters - Candidate to win:   egs jun faith 
2018-12-23 18:52:07.945 [main] INFO  anagram.Letters - Candidate to win:   egs jun faith 
2018-12-23 18:52:07.952 [main] INFO  anagram.Letters - Candidate to win:   egs jun iva 
2018-12-23 18:52:07.953 [main] INFO  anagram.Letters - Candidate to win:   egs jun iva 
2018-12-23 18:52:07.968 [main] DEBUG anagram.Letters -                  egs  519/24
2018-12-23 18:52:08.059 [main] INFO  anagram.Letters - Candidate to win:   eh fag iva 
2018-12-23 18:52:08.070 [main] INFO  anagram.Letters - Candidate to win:   eh fag justin 
2018-12-23 18:52:08.077 [main] INFO  anagram.Letters - Candidate to win:   eh fagin iva 
2018-12-23 18:52:08.077 [main] INFO  anagram.Letters - Candidate to win:   eh fagin iva 
2018-12-23 18:52:08.082 [main] INFO  anagram.Letters - Candidate to win:   eh fagin just 
2018-12-23 18:52:08.083 [main] INFO  anagram.Letters - Candidate to win:   eh fagin juts 
2018-12-23 18:52:08.112 [main] INFO  anagram.Letters - Candidate to win:   eh faint iva 
2018-12-23 18:52:08.116 [main] INFO  anagram.Letters - Candidate to win:   eh faint jugs 
2018-12-23 18:52:08.119 [main] INFO  anagram.Letters - Candidate to win:   eh faints iva 
2018-12-23 18:52:08.122 [main] INFO  anagram.Letters - Candidate to win:   eh faints jug 
2018-12-23 18:52:08.218 [main] INFO  anagram.Letters - Candidate to win:   eh faust ivan 
2018-12-23 18:52:08.222 [main] INFO  anagram.Letters - Candidate to win:   eh faust jig 
2018-12-23 18:52:08.236 [main] INFO  anagram.Letters - Candidate to win:   eh fiat ivan 
2018-12-23 18:52:08.244 [main] INFO  anagram.Letters - Candidate to win:   eh fiat jugs 
2018-12-23 18:52:08.250 [main] INFO  anagram.Letters - Candidate to win:   eh fiat ivan 
2018-12-23 18:52:08.258 [main] INFO  anagram.Letters - Candidate to win:   eh fiat jugs 
2018-12-23 18:52:08.262 [main] INFO  anagram.Letters - Candidate to win:   eh fiats iva 
2018-12-23 18:52:08.263 [main] INFO  anagram.Letters - Candidate to win:   eh fiats ivan 
2018-12-23 18:52:08.268 [main] INFO  anagram.Letters - Candidate to win:   eh fiats jug 
2018-12-23 18:52:08.269 [main] INFO  anagram.Letters - Candidate to win:   eh fiats jung 
2018-12-23 18:52:08.278 [main] INFO  anagram.Letters - Candidate to win:   eh fig iva 
2018-12-23 18:52:08.278 [main] INFO  anagram.Letters - Candidate to win:   eh fig iva 
2018-12-23 18:52:08.285 [main] INFO  anagram.Letters - Candidate to win:   eh fig jaunts 
2018-12-23 18:52:08.290 [main] INFO  anagram.Letters - Candidate to win:   eh fig juntas 
2018-12-23 18:52:08.300 [main] INFO  anagram.Letters - Candidate to win:   eh figs iva 
2018-12-23 18:52:08.301 [main] INFO  anagram.Letters - Candidate to win:   eh figs iva 
2018-12-23 18:52:08.306 [main] INFO  anagram.Letters - Candidate to win:   eh figs jaunt 
2018-12-23 18:52:08.310 [main] INFO  anagram.Letters - Candidate to win:   eh figs junta 
2018-12-23 18:52:08.417 [main] INFO  anagram.Letters - Candidate to win:   eh fungi it 
2018-12-23 18:52:08.419 [main] INFO  anagram.Letters - Candidate to win:   eh fungi it 
2018-12-23 18:52:08.419 [main] INFO  anagram.Letters - Candidate to win:   eh fungi its 
2018-12-23 18:52:08.421 [main] INFO  anagram.Letters - Candidate to win:   eh fungi java 
2018-12-23 18:52:08.422 [main] INFO  anagram.Letters - Candidate to win:   eh fungi javas 
2018-12-23 18:52:08.422 [main] INFO  anagram.Letters - Candidate to win:   eh fungi javas 
2018-12-23 18:52:08.436 [main] INFO  anagram.Letters - Candidate to win:   eh fusing it 
2018-12-23 18:52:08.437 [main] INFO  anagram.Letters - Candidate to win:   eh fusing it 
2018-12-23 18:52:08.440 [main] INFO  anagram.Letters - Candidate to win:   eh fusing java 
2018-12-23 18:52:08.441 [main] INFO  anagram.Letters - Candidate to win:   eh fusing java 
2018-12-23 18:52:08.445 [main] INFO  anagram.Letters - Candidate to win:   eh fusing it 
2018-12-23 18:52:08.446 [main] INFO  anagram.Letters - Candidate to win:   eh fusing it 
2018-12-23 18:52:08.448 [main] INFO  anagram.Letters - Candidate to win:   eh fusing java 
2018-12-23 18:52:08.449 [main] INFO  anagram.Letters - Candidate to win:   eh fusing java 
2018-12-23 18:52:08.782 [main] INFO  anagram.Letters - Candidate to win:   eh it fungi 
2018-12-23 18:52:08.783 [main] INFO  anagram.Letters - Candidate to win:   eh it fusing 
2018-12-23 18:52:08.783 [main] INFO  anagram.Letters - Candidate to win:   eh it fusing 
2018-12-23 18:52:08.794 [main] INFO  anagram.Letters - Candidate to win:   eh it java 
2018-12-23 18:52:08.795 [main] INFO  anagram.Letters - Candidate to win:   eh it java 
2018-12-23 18:52:08.796 [main] INFO  anagram.Letters - Candidate to win:   eh it javas 
2018-12-23 18:52:08.815 [main] INFO  anagram.Letters - Candidate to win:   eh it fungi 
2018-12-23 18:52:08.817 [main] INFO  anagram.Letters - Candidate to win:   eh it fusing 
2018-12-23 18:52:08.817 [main] INFO  anagram.Letters - Candidate to win:   eh it fusing 
2018-12-23 18:52:08.831 [main] INFO  anagram.Letters - Candidate to win:   eh it java 
2018-12-23 18:52:08.832 [main] INFO  anagram.Letters - Candidate to win:   eh it java 
2018-12-23 18:52:08.833 [main] INFO  anagram.Letters - Candidate to win:   eh it javas 
2018-12-23 18:52:08.842 [main] INFO  anagram.Letters - Candidate to win:   eh its fungi 
2018-12-23 18:52:08.853 [main] INFO  anagram.Letters - Candidate to win:   eh its java 
2018-12-23 18:52:08.857 [main] INFO  anagram.Letters - Candidate to win:   eh iva fag 
2018-12-23 18:52:08.858 [main] INFO  anagram.Letters - Candidate to win:   eh iva fagin 
2018-12-23 18:52:08.858 [main] INFO  anagram.Letters - Candidate to win:   eh iva fagin 
2018-12-23 18:52:08.860 [main] INFO  anagram.Letters - Candidate to win:   eh iva faint 
2018-12-23 18:52:08.861 [main] INFO  anagram.Letters - Candidate to win:   eh iva faints 
2018-12-23 18:52:08.870 [main] INFO  anagram.Letters - Candidate to win:   eh iva fiats 
2018-12-23 18:52:08.870 [main] INFO  anagram.Letters - Candidate to win:   eh iva fig 
2018-12-23 18:52:08.871 [main] INFO  anagram.Letters - Candidate to win:   eh iva fig 
2018-12-23 18:52:08.871 [main] INFO  anagram.Letters - Candidate to win:   eh iva figs 
2018-12-23 18:52:08.871 [main] INFO  anagram.Letters - Candidate to win:   eh iva figs 
2018-12-23 18:52:08.894 [main] INFO  anagram.Letters - Candidate to win:   eh iva jaunt 
2018-12-23 18:52:08.895 [main] INFO  anagram.Letters - Candidate to win:   eh iva jaunts 
2018-12-23 18:52:08.897 [main] INFO  anagram.Letters - Candidate to win:   eh iva jug 
2018-12-23 18:52:08.898 [main] INFO  anagram.Letters - Candidate to win:   eh iva jugs 
2018-12-23 18:52:08.899 [main] INFO  anagram.Letters - Candidate to win:   eh iva jung 
2018-12-23 18:52:08.899 [main] INFO  anagram.Letters - Candidate to win:   eh iva junta 
2018-12-23 18:52:08.900 [main] INFO  anagram.Letters - Candidate to win:   eh iva juntas 
2018-12-23 18:52:08.900 [main] INFO  anagram.Letters - Candidate to win:   eh iva just 
2018-12-23 18:52:08.901 [main] INFO  anagram.Letters - Candidate to win:   eh iva justin 
2018-12-23 18:52:08.903 [main] INFO  anagram.Letters - Candidate to win:   eh iva juts 
2018-12-23 18:52:08.910 [main] INFO  anagram.Letters - Candidate to win:   eh ivan faust 
2018-12-23 18:52:08.910 [main] INFO  anagram.Letters - Candidate to win:   eh ivan fiat 
2018-12-23 18:52:08.911 [main] INFO  anagram.Letters - Candidate to win:   eh ivan fiat 
2018-12-23 18:52:08.912 [main] INFO  anagram.Letters - Candidate to win:   eh ivan fiats 
2018-12-23 18:52:08.920 [main] INFO  anagram.Letters - Candidate to win:   eh ivan jig 
2018-12-23 18:52:08.922 [main] INFO  anagram.Letters - Candidate to win:   eh ivan jug 
2018-12-23 18:52:08.923 [main] INFO  anagram.Letters - Candidate to win:   eh ivan jugs 
2018-12-23 18:52:08.923 [main] INFO  anagram.Letters - Candidate to win:   eh ivan jugs 
2018-12-23 18:52:09.100 [main] INFO  anagram.Letters - Candidate to win:   eh jaunt figs 
2018-12-23 18:52:09.102 [main] INFO  anagram.Letters - Candidate to win:   eh jaunt iva 
2018-12-23 18:52:09.105 [main] INFO  anagram.Letters - Candidate to win:   eh jaunts fig 
2018-12-23 18:52:09.108 [main] INFO  anagram.Letters - Candidate to win:   eh jaunts iva 
2018-12-23 18:52:09.114 [main] INFO  anagram.Letters - Candidate to win:   eh java fungi 
2018-12-23 18:52:09.115 [main] INFO  anagram.Letters - Candidate to win:   eh java fusing 
2018-12-23 18:52:09.116 [main] INFO  anagram.Letters - Candidate to win:   eh java fusing 
2018-12-23 18:52:09.116 [main] INFO  anagram.Letters - Candidate to win:   eh java fusing 
2018-12-23 18:52:09.117 [main] INFO  anagram.Letters - Candidate to win:   eh java fusing 
2018-12-23 18:52:09.125 [main] INFO  anagram.Letters - Candidate to win:   eh java it 
2018-12-23 18:52:09.126 [main] INFO  anagram.Letters - Candidate to win:   eh java it 
2018-12-23 18:52:09.126 [main] INFO  anagram.Letters - Candidate to win:   eh java it 
2018-12-23 18:52:09.127 [main] INFO  anagram.Letters - Candidate to win:   eh java it 
2018-12-23 18:52:09.127 [main] INFO  anagram.Letters - Candidate to win:   eh java its 
2018-12-23 18:52:09.133 [main] INFO  anagram.Letters - Candidate to win:   eh javas fungi 
2018-12-23 18:52:09.133 [main] INFO  anagram.Letters - Candidate to win:   eh javas fungi 
2018-12-23 18:52:09.139 [main] INFO  anagram.Letters - Candidate to win:   eh javas it 
2018-12-23 18:52:09.140 [main] INFO  anagram.Letters - Candidate to win:   eh javas it 
2018-12-23 18:52:09.150 [main] INFO  anagram.Letters - Candidate to win:   eh jig faust 
2018-12-23 18:52:09.164 [main] INFO  anagram.Letters - Candidate to win:   eh jig ivan 
2018-12-23 18:52:09.229 [main] INFO  anagram.Letters - Candidate to win:   eh jug faints 
2018-12-23 18:52:09.232 [main] INFO  anagram.Letters - Candidate to win:   eh jug fiats 
2018-12-23 18:52:09.242 [main] INFO  anagram.Letters - Candidate to win:   eh jug iva 
2018-12-23 18:52:09.243 [main] INFO  anagram.Letters - Candidate to win:   eh jug ivan 
2018-12-23 18:52:09.247 [main] INFO  anagram.Letters - Candidate to win:   eh jugs faint 
2018-12-23 18:52:09.249 [main] INFO  anagram.Letters - Candidate to win:   eh jugs fiat 
2018-12-23 18:52:09.250 [main] INFO  anagram.Letters - Candidate to win:   eh jugs fiat 
2018-12-23 18:52:09.260 [main] INFO  anagram.Letters - Candidate to win:   eh jugs iva 
2018-12-23 18:52:09.261 [main] INFO  anagram.Letters - Candidate to win:   eh jugs ivan 
2018-12-23 18:52:09.261 [main] INFO  anagram.Letters - Candidate to win:   eh jugs ivan 
2018-12-23 18:52:09.273 [main] INFO  anagram.Letters - Candidate to win:   eh jung fiats 
2018-12-23 18:52:09.278 [main] INFO  anagram.Letters - Candidate to win:   eh jung iva 
2018-12-23 18:52:09.283 [main] INFO  anagram.Letters - Candidate to win:   eh junta figs 
2018-12-23 18:52:09.288 [main] INFO  anagram.Letters - Candidate to win:   eh junta iva 
2018-12-23 18:52:09.292 [main] INFO  anagram.Letters - Candidate to win:   eh juntas fig 
2018-12-23 18:52:09.293 [main] INFO  anagram.Letters - Candidate to win:   eh juntas iva 
2018-12-23 18:52:09.296 [main] INFO  anagram.Letters - Candidate to win:   eh just fagin 
2018-12-23 18:52:09.303 [main] INFO  anagram.Letters - Candidate to win:   eh just iva 
2018-12-23 18:52:09.307 [main] INFO  anagram.Letters - Candidate to win:   eh justin fag 
2018-12-23 18:52:09.310 [main] INFO  anagram.Letters - Candidate to win:   eh justin iva 
2018-12-23 18:52:09.333 [main] INFO  anagram.Letters - Candidate to win:   eh juts fagin 
2018-12-23 18:52:09.339 [main] INFO  anagram.Letters - Candidate to win:   eh juts iva 
2018-12-23 18:52:09.342 [main] DEBUG anagram.Letters -                   eh  519/25
2018-12-23 18:52:09.346 [main] INFO  anagram.Letters - Candidate to win:   eight f iva 
2018-12-23 18:52:09.349 [main] INFO  anagram.Letters - Candidate to win:   eight f janus 
2018-12-23 18:52:09.360 [main] INFO  anagram.Letters - Candidate to win:   eight f iva 
2018-12-23 18:52:09.367 [main] INFO  anagram.Letters - Candidate to win:   eight f janus 
2018-12-23 18:52:09.396 [main] INFO  anagram.Letters - Candidate to win:   eight fauns iva 
2018-12-23 18:52:09.396 [main] INFO  anagram.Letters - Candidate to win:   eight fauns iva 
2018-12-23 18:52:09.396 [main] INFO  anagram.Letters - Candidate to win:   eight fauns j 
2018-12-23 18:52:09.397 [main] INFO  anagram.Letters - Candidate to win:   eight fauns j 
2018-12-23 18:52:09.405 [main] INFO  anagram.Letters - Candidate to win:   eight fun i 
2018-12-23 18:52:09.406 [main] INFO  anagram.Letters - Candidate to win:   eight fun i 
2018-12-23 18:52:09.407 [main] INFO  anagram.Letters - Candidate to win:   eight fun is 
2018-12-23 18:52:09.407 [main] INFO  anagram.Letters - The winner is   java eight is fun
2018-12-23 18:52:09.408 [main] INFO  anagram.Letters - The winner is   java eight is fun
2018-12-23 18:52:09.410 [main] INFO  anagram.Letters - Duration: 0min 8s 
2018-12-23 18:52:09.516 [main] INFO  anagram.Letters - words: [f, f, fa, fain, fan, fans, faun, fauna, faunas, fauns, fiji, fijian, fijians, fin, fin, finis, fins, fins, fuji, fun, fus, i, i, ian, if, ifs, in, in, in, ina, ins, ins, is, isis, iva, ivan, j, j, jain, jan, jana, jana, janis, janus, java, javas, jin, jinan, jini, jinis, jins, juan, juana, jun] 
 number of words: 54 
letters [v, u, s, n, j, i, f, a, a] 
numbers of letter 9
2018-12-23 18:52:09.521 [main] INFO  anagram.Letters - Candidate to win:   f iva janus 
2018-12-23 18:52:09.524 [main] INFO  anagram.Letters - Candidate to win:   f janus iva 
2018-12-23 18:52:09.527 [main] DEBUG anagram.Letters -                    f  54/0
2018-12-23 18:52:09.531 [main] INFO  anagram.Letters - Candidate to win:   f iva janus 
2018-12-23 18:52:09.532 [main] INFO  anagram.Letters - Candidate to win:   f janus iva 
2018-12-23 18:52:09.534 [main] DEBUG anagram.Letters -                    f  54/0
2018-12-23 18:52:09.536 [main] DEBUG anagram.Letters -                   fa  54/2
2018-12-23 18:52:09.537 [main] DEBUG anagram.Letters -                 fain  54/3
2018-12-23 18:52:09.537 [main] DEBUG anagram.Letters -                  fan  54/4
2018-12-23 18:52:09.538 [main] DEBUG anagram.Letters -                 fans  54/5
2018-12-23 18:52:09.539 [main] DEBUG anagram.Letters -                 faun  54/6
2018-12-23 18:52:09.540 [main] DEBUG anagram.Letters -                fauna  54/7
2018-12-23 18:52:09.541 [main] DEBUG anagram.Letters -               faunas  54/8
2018-12-23 18:52:09.542 [main] INFO  anagram.Letters - Candidate to win:   fauns iva j 
2018-12-23 18:52:09.542 [main] INFO  anagram.Letters - Candidate to win:   fauns iva j 
2018-12-23 18:52:09.542 [main] INFO  anagram.Letters - Candidate to win:   fauns j iva 
2018-12-23 18:52:09.542 [main] INFO  anagram.Letters - Candidate to win:   fauns j iva 
2018-12-23 18:52:09.543 [main] DEBUG anagram.Letters -                fauns  54/9
2018-12-23 18:52:09.543 [main] DEBUG anagram.Letters -                 fiji  54/10
2018-12-23 18:52:09.543 [main] DEBUG anagram.Letters -               fijian  54/11
2018-12-23 18:52:09.543 [main] DEBUG anagram.Letters -              fijians  54/12
2018-12-23 18:52:09.544 [main] DEBUG anagram.Letters -                  fin  54/13
2018-12-23 18:52:09.544 [main] DEBUG anagram.Letters -                  fin  54/13
2018-12-23 18:52:09.544 [main] DEBUG anagram.Letters -                finis  54/15
2018-12-23 18:52:09.544 [main] DEBUG anagram.Letters -                 fins  54/16
2018-12-23 18:52:09.545 [main] DEBUG anagram.Letters -                 fins  54/16
2018-12-23 18:52:09.545 [main] DEBUG anagram.Letters -                 fuji  54/18
2018-12-23 18:52:09.545 [main] INFO  anagram.Letters - Candidate to win:   fun i javas 
2018-12-23 18:52:09.546 [main] INFO  anagram.Letters - Candidate to win:   fun i javas 
2018-12-23 18:52:09.546 [main] INFO  anagram.Letters - Candidate to win:   fun is java 
2018-12-23 18:52:09.546 [main] INFO  anagram.Letters - The winner is   java is fun
2018-12-23 18:52:09.546 [main] INFO  anagram.Letters - The winner is   java is fun
2018-12-23 18:52:09.547 [main] INFO  anagram.Letters - The winner is   java is fun
2018-12-23 18:52:09.547 [main] INFO  anagram.Letters - Duration: 0min 0s 
